<?xml version="1.0" encoding="UTF-8"?>
<testng-results ignored="0" total="1" passed="1" failed="0" skipped="0">
  <reporter-output>
  </reporter-output>
  <suite started-at="2024-07-18T15:42:43 IST" name="Surefire suite" finished-at="2024-07-18T15:42:58 IST" duration-ms="15443">
    <groups>
    </groups>
    <test started-at="2024-07-18T15:42:43 IST" name="Surefire test" finished-at="2024-07-18T15:42:58 IST" duration-ms="15443">
      <class name="com.jenkinsTest.Test1">
        <test-method signature="browser()[pri:0, instance:com.jenkinsTest.Test1@10163d6]" started-at="2024-07-18T15:42:43 IST" name="browser" finished-at="2024-07-18T15:42:58 IST" duration-ms="15360" status="PASS">
          <reporter-output>
          </reporter-output>
        </test-method> <!-- browser -->
      </class> <!-- com.jenkinsTest.Test1 -->
    </test> <!-- Surefire test -->
  </suite> <!-- Surefire suite -->
</testng-results>
