<?xml version="1.0" encoding="UTF-8"?>
<testng-results ignored="0" total="1" passed="1" failed="0" skipped="0">
  <reporter-output>
  </reporter-output>
  <suite started-at="2024-07-18T14:47:31 IST" name="Default suite" finished-at="2024-07-18T14:47:56 IST" duration-ms="24443">
    <groups>
    </groups>
    <test started-at="2024-07-18T14:47:31 IST" name="Default test" finished-at="2024-07-18T14:47:56 IST" duration-ms="24443">
      <class name="com.jenkinsTest.Test1">
        <test-method signature="browser()[pri:0, instance:com.jenkinsTest.Test1@53045c6c]" started-at="2024-07-18T14:47:32 IST" name="browser" finished-at="2024-07-18T14:47:56 IST" duration-ms="24287" status="PASS">
          <reporter-output>
          </reporter-output>
        </test-method> <!-- browser -->
      </class> <!-- com.jenkinsTest.Test1 -->
    </test> <!-- Default test -->
  </suite> <!-- Default suite -->
</testng-results>
