<?xml version="1.0" encoding="UTF-8"?>
<testng-results ignored="0" total="2" passed="2" failed="0" skipped="0">
  <reporter-output>
  </reporter-output>
  <suite started-at="2024-07-19T23:53:23 IST" name="Suite" finished-at="2024-07-19T23:53:49 IST" duration-ms="26774">
    <groups>
    </groups>
    <test started-at="2024-07-19T23:53:23 IST" name="Test" finished-at="2024-07-19T23:53:49 IST" duration-ms="26774">
      <class name="com.jenkinsTest.Test1">
        <test-method signature="f_browser()[pri:0, instance:com.jenkinsTest.Test1@5149d738]" started-at="2024-07-19T23:53:23 IST" name="f_browser" finished-at="2024-07-19T23:53:49 IST" duration-ms="26651" status="PASS">
          <reporter-output>
          </reporter-output>
        </test-method> <!-- f_browser -->
        <test-method signature="browser()[pri:0, instance:com.jenkinsTest.Test1@5149d738]" started-at="2024-07-19T23:53:23 IST" name="browser" finished-at="2024-07-19T23:53:40 IST" duration-ms="17529" status="PASS">
          <reporter-output>
          </reporter-output>
        </test-method> <!-- browser -->
      </class> <!-- com.jenkinsTest.Test1 -->
    </test> <!-- Test -->
  </suite> <!-- Suite -->
</testng-results>
